Base path: 'C:/Program Files/Unity/Hub/Editor/2019.4.10f1/Editor/Data', plugins path 'C:/Program Files/Unity/Hub/Editor/2019.4.10f1/Editor/Data/PlaybackEngines'
Cmd: initializeCompiler
Cmd: preprocessCompute
  insize=6737 outsize=6739 ok=1
Cmd: preprocessCompute
  insize=8025 outsize=8027 ok=1
Cmd: preprocess
  insize=21545 outsize=461 ok=1
Cmd: preprocessCompute
  insize=7010 outsize=7012 ok=1
Cmd: preprocessCompute
  insize=8302 outsize=8304 ok=1
Cmd: preprocess
  insize=22641 outsize=461 ok=1
Cmd: preprocessCompute
  insize=6625 outsize=6627 ok=1
Cmd: preprocessCompute
  insize=5789 outsize=5791 ok=1
Cmd: preprocess
  insize=22771 outsize=460 ok=1
Cmd: preprocessCompute
  insize=5803 outsize=5805 ok=1
Cmd: preprocess
  insize=22360 outsize=461 ok=1
Cmd: preprocessCompute
  insize=6623 outsize=6625 ok=1
Cmd: preprocessCompute
  insize=6782 outsize=6784 ok=1
Cmd: preprocessCompute
  insize=7967 outsize=7969 ok=1
Cmd: preprocess
  insize=21551 outsize=461 ok=1
Cmd: preprocessCompute
  insize=7125 outsize=7127 ok=1
Cmd: preprocessCompute
  insize=8269 outsize=8271 ok=1
Cmd: preprocess
  insize=22626 outsize=461 ok=1
Cmd: preprocessCompute
  insize=6693 outsize=6695 ok=1
Cmd: preprocessCompute
  insize=5789 outsize=5791 ok=1
Cmd: preprocess
  insize=22760 outsize=461 ok=1
Cmd: preprocessCompute
  insize=5803 outsize=5805 ok=1
Cmd: preprocess
  insize=22351 outsize=461 ok=1
Cmd: preprocessCompute
  insize=6699 outsize=6701 ok=1
Cmd: preprocessCompute
  insize=6737 outsize=6739 ok=1
Cmd: preprocessCompute
  insize=8025 outsize=8027 ok=1
Cmd: preprocess
  insize=21545 outsize=461 ok=1
Cmd: preprocessCompute
  insize=7010 outsize=7012 ok=1
Cmd: preprocessCompute
  insize=8302 outsize=8304 ok=1
Cmd: preprocess
  insize=22641 outsize=461 ok=1
Cmd: preprocessCompute
  insize=6625 outsize=6627 ok=1
Cmd: preprocessCompute
  insize=5789 outsize=5791 ok=1
Cmd: preprocess
  insize=22771 outsize=460 ok=1
Cmd: preprocessCompute
  insize=5803 outsize=5805 ok=1
Cmd: preprocess
  insize=22360 outsize=461 ok=1
Cmd: preprocessCompute
  insize=6623 outsize=6625 ok=1
Cmd: preprocessCompute
  insize=6737 outsize=6739 ok=1
Cmd: preprocessCompute
  insize=8025 outsize=8027 ok=1
Cmd: preprocess
  insize=21545 outsize=461 ok=1
Cmd: preprocessCompute
  insize=7010 outsize=7012 ok=1
Cmd: preprocessCompute
  insize=8302 outsize=8304 ok=1
Cmd: preprocess
  insize=22641 outsize=461 ok=1
Cmd: preprocessCompute
  insize=6625 outsize=6627 ok=1
Cmd: preprocessCompute
  insize=5789 outsize=5791 ok=1
Cmd: preprocess
  insize=22771 outsize=460 ok=1
Cmd: preprocessCompute
  insize=5803 outsize=5805 ok=1
Cmd: preprocess
  insize=22360 outsize=461 ok=1
Cmd: preprocessCompute
  insize=6623 outsize=6625 ok=1
